#1 [internal] load build definition from Dockerfile
#1 sha256:46a291f707fa8291de67bfd6d6f00811c3fa4922679caf43d4020ab1d2fab1de
#1 transferring dockerfile: 213B 0.0s done
#1 DONE 0.0s

#2 [internal] load .dockerignore
#2 sha256:ce98632eae60884acd0868965b7a18cc39ea42ae175dcdcef9177dbdc7420127
#2 transferring context: 2B done
#2 DONE 0.0s

#3 [internal] load metadata for docker.io/library/maven:3.8.5-openjdk-17
#3 sha256:1f4c973be8a5a3ff6ec9dfa9bb8e95300ab6d100cd323e46d4fec58489e0083c
#3 DONE 1.9s

#6 [internal] load build context
#6 sha256:a0e828d397be62074e30acaac1c8e470d32b3d33f4e41ecdddc5e9cd6333d4d3
#6 DONE 0.0s

#4 [1/5] FROM docker.io/library/maven:3.8.5-openjdk-17@sha256:3a9c30b3af6278a8ae0007d3a3bf00fff80ec3ed7ae4eb9bfa1772853101549b
#4 sha256:2ea53637b2d64df759e28782fa595d168c985a5c95a2af666e555932dd9f4d9c
#4 resolve docker.io/library/maven:3.8.5-openjdk-17@sha256:3a9c30b3af6278a8ae0007d3a3bf00fff80ec3ed7ae4eb9bfa1772853101549b done
#4 sha256:62e6a9e10fb57f3019adeea481339c999930e7363f2468d1f51a7c0be4bca26d 1.79kB / 1.79kB done
#4 sha256:db741528e48aea788f63f806230fd5b3f0edcd0508dedd00357f069bc0c37ea0 7.27kB / 7.27kB done
#4 sha256:38a980f2cc8accf69c23deae6743d42a87eb34a54f02396f3fcfd7c2d06e2c5b 0B / 42.11MB 0.1s
#4 sha256:a7203ca35e75e068651c9907d659adc721dba823441b78639fde66fc988f042f 0B / 187.53MB 0.1s
#4 sha256:3a9c30b3af6278a8ae0007d3a3bf00fff80ec3ed7ae4eb9bfa1772853101549b 549B / 549B done
#4 sha256:de849f1cfbe60b1c06a1db83a3129ab0ea397c4852b98e3e4300b12ee57ba111 0B / 13.53MB 0.1s
#4 sha256:38a980f2cc8accf69c23deae6743d42a87eb34a54f02396f3fcfd7c2d06e2c5b 4.19MB / 42.11MB 0.8s
#4 sha256:de849f1cfbe60b1c06a1db83a3129ab0ea397c4852b98e3e4300b12ee57ba111 1.05MB / 13.53MB 0.9s
#4 sha256:38a980f2cc8accf69c23deae6743d42a87eb34a54f02396f3fcfd7c2d06e2c5b 8.39MB / 42.11MB 1.2s
#4 sha256:de849f1cfbe60b1c06a1db83a3129ab0ea397c4852b98e3e4300b12ee57ba111 2.10MB / 13.53MB 1.2s
#4 sha256:de849f1cfbe60b1c06a1db83a3129ab0ea397c4852b98e3e4300b12ee57ba111 3.15MB / 13.53MB 1.4s
#4 sha256:38a980f2cc8accf69c23deae6743d42a87eb34a54f02396f3fcfd7c2d06e2c5b 11.53MB / 42.11MB 1.5s
#4 sha256:38a980f2cc8accf69c23deae6743d42a87eb34a54f02396f3fcfd7c2d06e2c5b 14.68MB / 42.11MB 1.7s
#4 sha256:de849f1cfbe60b1c06a1db83a3129ab0ea397c4852b98e3e4300b12ee57ba111 5.24MB / 13.53MB 1.7s
#4 ...

#6 [internal] load build context
#6 sha256:a0e828d397be62074e30acaac1c8e470d32b3d33f4e41ecdddc5e9cd6333d4d3
#6 transferring context: 53.66MB 1.9s done
#6 DONE 1.9s

#4 [1/5] FROM docker.io/library/maven:3.8.5-openjdk-17@sha256:3a9c30b3af6278a8ae0007d3a3bf00fff80ec3ed7ae4eb9bfa1772853101549b
#4 sha256:2ea53637b2d64df759e28782fa595d168c985a5c95a2af666e555932dd9f4d9c
#4 sha256:de849f1cfbe60b1c06a1db83a3129ab0ea397c4852b98e3e4300b12ee57ba111 6.29MB / 13.53MB 1.9s
#4 sha256:38a980f2cc8accf69c23deae6743d42a87eb34a54f02396f3fcfd7c2d06e2c5b 18.87MB / 42.11MB 2.1s
#4 sha256:de849f1cfbe60b1c06a1db83a3129ab0ea397c4852b98e3e4300b12ee57ba111 7.34MB / 13.53MB 2.1s
#4 sha256:38a980f2cc8accf69c23deae6743d42a87eb34a54f02396f3fcfd7c2d06e2c5b 22.02MB / 42.11MB 2.3s
#4 sha256:de849f1cfbe60b1c06a1db83a3129ab0ea397c4852b98e3e4300b12ee57ba111 8.39MB / 13.53MB 2.3s
#4 sha256:de849f1cfbe60b1c06a1db83a3129ab0ea397c4852b98e3e4300b12ee57ba111 9.44MB / 13.53MB 2.5s
#4 sha256:38a980f2cc8accf69c23deae6743d42a87eb34a54f02396f3fcfd7c2d06e2c5b 25.17MB / 42.11MB 2.6s
#4 sha256:de849f1cfbe60b1c06a1db83a3129ab0ea397c4852b98e3e4300b12ee57ba111 10.49MB / 13.53MB 2.8s
#4 sha256:38a980f2cc8accf69c23deae6743d42a87eb34a54f02396f3fcfd7c2d06e2c5b 29.36MB / 42.11MB 3.1s
#4 sha256:a7203ca35e75e068651c9907d659adc721dba823441b78639fde66fc988f042f 9.44MB / 187.53MB 3.1s
#4 sha256:de849f1cfbe60b1c06a1db83a3129ab0ea397c4852b98e3e4300b12ee57ba111 11.53MB / 13.53MB 3.1s
#4 sha256:de849f1cfbe60b1c06a1db83a3129ab0ea397c4852b98e3e4300b12ee57ba111 12.58MB / 13.53MB 3.2s
#4 sha256:38a980f2cc8accf69c23deae6743d42a87eb34a54f02396f3fcfd7c2d06e2c5b 32.51MB / 42.11MB 3.3s
#4 sha256:de849f1cfbe60b1c06a1db83a3129ab0ea397c4852b98e3e4300b12ee57ba111 13.53MB / 13.53MB 3.3s
#4 sha256:de849f1cfbe60b1c06a1db83a3129ab0ea397c4852b98e3e4300b12ee57ba111 13.53MB / 13.53MB 3.3s done
#4 sha256:3337662e6dc91d95d1636b019b33ee9a379f58e64891eae3ce325ad98d547704 0B / 180.14MB 3.4s
#4 sha256:38a980f2cc8accf69c23deae6743d42a87eb34a54f02396f3fcfd7c2d06e2c5b 36.70MB / 42.11MB 3.6s
#4 sha256:38a980f2cc8accf69c23deae6743d42a87eb34a54f02396f3fcfd7c2d06e2c5b 39.85MB / 42.11MB 3.8s
#4 sha256:38a980f2cc8accf69c23deae6743d42a87eb34a54f02396f3fcfd7c2d06e2c5b 42.11MB / 42.11MB 4.0s done
#4 sha256:81485058ab895ca070d5a827e381a8123be3803444fa5560063f8974aa912513 0B / 8.74MB 4.1s
#4 extracting sha256:38a980f2cc8accf69c23deae6743d42a87eb34a54f02396f3fcfd7c2d06e2c5b
#4 sha256:81485058ab895ca070d5a827e381a8123be3803444fa5560063f8974aa912513 1.05MB / 8.74MB 4.7s
#4 sha256:81485058ab895ca070d5a827e381a8123be3803444fa5560063f8974aa912513 2.10MB / 8.74MB 4.8s
#4 sha256:81485058ab895ca070d5a827e381a8123be3803444fa5560063f8974aa912513 5.24MB / 8.74MB 5.0s
#4 sha256:a7203ca35e75e068651c9907d659adc721dba823441b78639fde66fc988f042f 18.87MB / 187.53MB 5.2s
#4 sha256:81485058ab895ca070d5a827e381a8123be3803444fa5560063f8974aa912513 7.34MB / 8.74MB 5.2s
#4 sha256:81485058ab895ca070d5a827e381a8123be3803444fa5560063f8974aa912513 8.74MB / 8.74MB 5.3s done
#4 sha256:b548970362bbce29f935198803249dea5dd29eae24c3a8cb78ab19e72ef453e5 0B / 857B 5.3s
#4 sha256:b548970362bbce29f935198803249dea5dd29eae24c3a8cb78ab19e72ef453e5 857B / 857B 5.4s done
#4 sha256:dbd02ad382f576fbad77be92e570539a0e0ded2a7551bd6cbf00d8f3812222c5 0B / 355B 5.5s
#4 sha256:dbd02ad382f576fbad77be92e570539a0e0ded2a7551bd6cbf00d8f3812222c5 355B / 355B 5.6s
#4 sha256:3337662e6dc91d95d1636b019b33ee9a379f58e64891eae3ce325ad98d547704 9.44MB / 180.14MB 5.7s
#4 sha256:dbd02ad382f576fbad77be92e570539a0e0ded2a7551bd6cbf00d8f3812222c5 355B / 355B 5.6s done
#4 sha256:a7203ca35e75e068651c9907d659adc721dba823441b78639fde66fc988f042f 28.31MB / 187.53MB 6.1s
#4 sha256:a7203ca35e75e068651c9907d659adc721dba823441b78639fde66fc988f042f 37.75MB / 187.53MB 7.0s
#4 sha256:3337662e6dc91d95d1636b019b33ee9a379f58e64891eae3ce325ad98d547704 19.92MB / 180.14MB 7.0s
#4 CANCELED
context canceled
